0 info it worked if it ends with ok
1 verbose cli [ '/usr/local/bin/node', '/usr/local/bin/npm', 'publish' ]
2 info using npm@3.10.6
3 info using node@v4.5.0
4 verbose publish [ '.' ]
5 silly cache add args [ '.', null ]
6 verbose cache add spec .
7 silly cache add parsed spec Result {
7 silly cache add   raw: '.',
7 silly cache add   scope: null,
7 silly cache add   escapedName: null,
7 silly cache add   name: null,
7 silly cache add   rawSpec: '.',
7 silly cache add   spec: '/Users/clarketm/IdeaProjects/Blob.js',
7 silly cache add   type: 'directory' }
8 verbose addLocalDirectory /Users/clarketm/.npm/blob/1.0.0/package.tgz not in flight; packing
9 verbose correctMkdir /Users/clarketm/.npm correctMkdir not in flight; initializing
10 info lifecycle blob@1.0.0~prepublish: blob@1.0.0
11 silly lifecycle blob@1.0.0~prepublish: no script for prepublish, continuing
12 verbose tar pack [ '/Users/clarketm/.npm/blob/1.0.0/package.tgz',
12 verbose tar pack   '/Users/clarketm/IdeaProjects/Blob.js' ]
13 verbose tarball /Users/clarketm/.npm/blob/1.0.0/package.tgz
14 verbose folder /Users/clarketm/IdeaProjects/Blob.js
15 verbose addLocalTarball adding from inside cache /Users/clarketm/.npm/blob/1.0.0/package.tgz
16 verbose correctMkdir /Users/clarketm/.npm correctMkdir not in flight; initializing
17 silly cache afterAdd blob@1.0.0
18 verbose afterAdd /Users/clarketm/.npm/blob/1.0.0/package/package.json not in flight; writing
19 verbose correctMkdir /Users/clarketm/.npm correctMkdir not in flight; initializing
20 verbose afterAdd /Users/clarketm/.npm/blob/1.0.0/package/package.json written
21 silly publish { name: 'blob',
21 silly publish   version: '1.0.0',
21 silly publish   description: 'native Blob interface support',
21 silly publish   main: 'Blob.js',
21 silly publish   scripts: { test: 'gulp' },
21 silly publish   repository:
21 silly publish    { type: 'git',
21 silly publish      url: 'git+https://github.com/clarketm/Blob.js.git' },
21 silly publish   keywords: [ 'blob', 'Blob', 'filesaver' ],
21 silly publish   author: { name: 'eligrey' },
21 silly publish   license: 'MIT',
21 silly publish   bugs: { url: 'https://github.com/clarketm/Blob.js/issues' },
21 silly publish   homepage: 'https://github.com/clarketm/Blob.js#readme',
21 silly publish   readme: 'Blob.js\n==============\n\nBlob.js implements the W3C [`Blob`][1] interface in browsers that do\nnot natively support it.\n\nSupported browsers\n------------------\n\nBlob.js shares the [same supported browsers as FileSaver.js][2].\n\n![Tracking image](https://in.getclicky.com/212712ns.gif)\n\n  [1]: https://developer.mozilla.org/en-US/docs/Web/API/Blob\n  [2]: https://github.com/eligrey/FileSaver.js#supported-browsers',
21 silly publish   readmeFilename: 'README.md',
21 silly publish   gitHead: 'bdee291309b137d35677d40d8ffde0f84fb36083',
21 silly publish   _id: 'blob@1.0.0',
21 silly publish   _shasum: '622eb28aca27561876a292040e85fc64cd3a4f5e',
21 silly publish   _from: '.' }
22 verbose getPublishConfig undefined
23 silly mapToRegistry name blob
24 silly mapToRegistry using default registry
25 silly mapToRegistry registry https://registry.npmjs.org/
26 silly mapToRegistry data Result {
26 silly mapToRegistry   raw: 'blob',
26 silly mapToRegistry   scope: null,
26 silly mapToRegistry   escapedName: 'blob',
26 silly mapToRegistry   name: 'blob',
26 silly mapToRegistry   rawSpec: '',
26 silly mapToRegistry   spec: 'latest',
26 silly mapToRegistry   type: 'tag' }
27 silly mapToRegistry uri https://registry.npmjs.org/blob
28 verbose publish registryBase https://registry.npmjs.org/
29 silly publish uploading /Users/clarketm/.npm/blob/1.0.0/package.tgz
30 verbose request uri https://registry.npmjs.org/blob
31 verbose request sending authorization for write operation
32 info attempt registry request try #1 at 1:27:12 AM
33 verbose request using bearer token for auth
34 verbose request id 3e8af5f8e238f0ab
35 http request PUT https://registry.npmjs.org/blob
36 http 403 https://registry.npmjs.org/blob
37 verbose headers { 'content-type': 'application/json',
37 verbose headers   'cache-control': 'max-age=300',
37 verbose headers   'content-length': '98',
37 verbose headers   'accept-ranges': 'bytes',
37 verbose headers   date: 'Sun, 20 Nov 2016 09:27:12 GMT',
37 verbose headers   via: '1.1 varnish',
37 verbose headers   connection: 'keep-alive',
37 verbose headers   'x-served-by': 'cache-sea1927-SEA',
37 verbose headers   'x-cache': 'MISS',
37 verbose headers   'x-cache-hits': '0',
37 verbose headers   'x-timer': 'S1479634032.841085,VS0,VE94',
37 verbose headers   vary: 'Accept-Encoding' }
38 verbose request invalidating /Users/clarketm/.npm/registry.npmjs.org/blob on PUT
39 error publish Failed PUT 403
40 verbose stack Error: you do not have permission to publish "blob". Are you logged in as the correct user? : blob
40 verbose stack     at makeError (/usr/local/lib/node_modules/npm/node_modules/npm-registry-client/lib/request.js:264:12)
40 verbose stack     at CachingRegistryClient.<anonymous> (/usr/local/lib/node_modules/npm/node_modules/npm-registry-client/lib/request.js:252:14)
40 verbose stack     at Request._callback (/usr/local/lib/node_modules/npm/node_modules/npm-registry-client/lib/request.js:172:14)
40 verbose stack     at Request.self.callback (/usr/local/lib/node_modules/npm/node_modules/request/request.js:200:22)
40 verbose stack     at emitTwo (events.js:87:13)
40 verbose stack     at Request.emit (events.js:172:7)
40 verbose stack     at Request.<anonymous> (/usr/local/lib/node_modules/npm/node_modules/request/request.js:1067:10)
40 verbose stack     at emitOne (events.js:82:20)
40 verbose stack     at Request.emit (events.js:169:7)
40 verbose stack     at IncomingMessage.<anonymous> (/usr/local/lib/node_modules/npm/node_modules/request/request.js:988:12)
41 verbose statusCode 403
42 verbose pkgid blob
43 verbose cwd /Users/clarketm/IdeaProjects/Blob.js
44 error Darwin 15.6.0
45 error argv "/usr/local/bin/node" "/usr/local/bin/npm" "publish"
46 error node v4.5.0
47 error npm  v3.10.6
48 error code E403
49 error you do not have permission to publish "blob". Are you logged in as the correct user? : blob
50 error If you need help, you may report this error at:
50 error     <https://github.com/npm/npm/issues>
51 verbose exit [ 1, true ]
